The system is: Windows - 10.0.19042 - AMD64
Compiling the C compiler identification source file "CMakeCCompilerId.c" succeeded.
Compiler: C:/Program Files (x86)/Microsoft Visual Studio/2019/Community/VC/Tools/MSVC/14.29.30133/bin/Hostx86/x86/cl.exe 
Build flags: 
Id flags:  

The output was:
0
Compilador de optimizaci贸n de C/C++ de Microsoft (R) versi贸n 19.29.30133 para x86
(C) Microsoft Corporation. Todos los derechos reservados.

CMakeCCompilerId.c
Microsoft (R) Incremental Linker Version 14.29.30133.0
Copyright (C) Microsoft Corporation.  All rights reserved.

/out:CMakeCCompilerId.exe 
CMakeCCompilerId.obj 


Compilation of the C compiler identification source "CMakeCCompilerId.c" produced "CMakeCCompilerId.exe"

Compilation of the C compiler identification source "CMakeCCompilerId.c" produced "CMakeCCompilerId.obj"

The C compiler identification is MSVC, found in "C:/Users/980012754/Documents/Pruebas3/PracticasComputacionI/CargaElectrica/cmake-build-debug/CMakeFiles/3.20.2/CompilerIdC/CMakeCCompilerId.exe"

Compiling the CXX compiler identification source file "CMakeCXXCompilerId.cpp" succeeded.
Compiler: C:/Program Files (x86)/Microsoft Visual Studio/2019/Community/VC/Tools/MSVC/14.29.30133/bin/Hostx86/x86/cl.exe 
Build flags: 
Id flags:  

The output was:
0
Compilador de optimizaci贸n de C/C++ de Microsoft (R) versi贸n 19.29.30133 para x86
(C) Microsoft Corporation. Todos los derechos reservados.

CMakeCXXCompilerId.cpp
Microsoft (R) Incremental Linker Version 14.29.30133.0
Copyright (C) Microsoft Corporation.  All rights reserved.

/out:CMakeCXXCompilerId.exe 
CMakeCXXCompilerId.obj 


Compilation of the CXX compiler identification source "CMakeCXXCompilerId.cpp" produced "CMakeCXXCompilerId.exe"

Compilation of the CXX compiler identification source "CMakeCXXCompilerId.cpp" produced "CMakeCXXCompilerId.obj"

The CXX compiler identification is MSVC, found in "C:/Users/980012754/Documents/Pruebas3/PracticasComputacionI/CargaElectrica/cmake-build-debug/CMakeFiles/3.20.2/CompilerIdCXX/CMakeCXXCompilerId.exe"

Detecting C compiler ABI info compiled with the following output:
Change Dir: C:/Users/980012754/Documents/Pruebas3/PracticasComputacionI/CargaElectrica/cmake-build-debug/CMakeFiles/CMakeTmp

Run Build Command(s):nmake -f Makefile /nologo cmTC_63ee1\fast && 	"C:\Program Files (x86)\Microsoft Visual Studio\2019\Community\VC\Tools\MSVC\14.29.30133\bin\HostX86\x86\nmake.exe"  -f CMakeFiles\cmTC_63ee1.dir\build.make /nologo -L                  CMakeFiles\cmTC_63ee1.dir\build
Building C object CMakeFiles/cmTC_63ee1.dir/CMakeCCompilerABI.c.obj
	"C:\Program Files\JetBrains\CLion 2021.2.3\bin\cmake\win\bin\cmake.exe" -E cmake_cl_compile_depends --dep-file=CMakeFiles\cmTC_63ee1.dir\CMakeCCompilerABI.c.obj.d --working-dir=C:\Users\980012754\Documents\Pruebas3\PracticasComputacionI\CargaElectrica\cmake-build-debug\CMakeFiles\CMakeTmp --filter-prefix="" -- "C:\PROGRA~2\Microsoft Visual Studio\2019\Community\VC\Tools\MSVC\14.29.30133\bin\Hostx86\x86\cl.exe" @C:\Users\980012754\AppData\Local\Temp\nm3B03.tmp
Linking C executable cmTC_63ee1.exe
	"C:\Program Files\JetBrains\CLion 2021.2.3\bin\cmake\win\bin\cmake.exe" -E vs_link_exe --intdir=CMakeFiles\cmTC_63ee1.dir --rc="C:\PROGRA~2\Windows Kits\10\bin\10.0.20348.0\x86\rc.exe" --mt="C:\PROGRA~2\Windows Kits\10\bin\10.0.20348.0\x86\mt.exe" --manifests -- "C:\PROGRA~2\Microsoft Visual Studio\2019\Community\VC\Tools\MSVC\14.29.30133\bin\Hostx86\x86\link.exe" /nologo @CMakeFiles\cmTC_63ee1.dir\objects1.rsp @C:\Users\980012754\AppData\Local\Temp\nm3BCF.tmp



Detecting CXX compiler ABI info compiled with the following output:
Change Dir: C:/Users/980012754/Documents/Pruebas3/PracticasComputacionI/CargaElectrica/cmake-build-debug/CMakeFiles/CMakeTmp

Run Build Command(s):nmake -f Makefile /nologo cmTC_3f63a\fast && 	"C:\Program Files (x86)\Microsoft Visual Studio\2019\Community\VC\Tools\MSVC\14.29.30133\bin\HostX86\x86\nmake.exe"  -f CMakeFiles\cmTC_3f63a.dir\build.make /nologo -L                  CMakeFiles\cmTC_3f63a.dir\build
Building CXX object CMakeFiles/cmTC_3f63a.dir/CMakeCXXCompilerABI.cpp.obj
	"C:\Program Files\JetBrains\CLion 2021.2.3\bin\cmake\win\bin\cmake.exe" -E cmake_cl_compile_depends --dep-file=CMakeFiles\cmTC_3f63a.dir\CMakeCXXCompilerABI.cpp.obj.d --working-dir=C:\Users\980012754\Documents\Pruebas3\PracticasComputacionI\CargaElectrica\cmake-build-debug\CMakeFiles\CMakeTmp --filter-prefix="" -- "C:\PROGRA~2\Microsoft Visual Studio\2019\Community\VC\Tools\MSVC\14.29.30133\bin\Hostx86\x86\cl.exe" @C:\Users\980012754\AppData\Local\Temp\nm3FE5.tmp
Linking CXX executable cmTC_3f63a.exe
	"C:\Program Files\JetBrains\CLion 2021.2.3\bin\cmake\win\bin\cmake.exe" -E vs_link_exe --intdir=CMakeFiles\cmTC_3f63a.dir --rc="C:\PROGRA~2\Windows Kits\10\bin\10.0.20348.0\x86\rc.exe" --mt="C:\PROGRA~2\Windows Kits\10\bin\10.0.20348.0\x86\mt.exe" --manifests -- "C:\PROGRA~2\Microsoft Visual Studio\2019\Community\VC\Tools\MSVC\14.29.30133\bin\Hostx86\x86\link.exe" /nologo @CMakeFiles\cmTC_3f63a.dir\objects1.rsp @C:\Users\980012754\AppData\Local\Temp\nm4092.tmp



